<?xml version="1.0" encoding="UTF-8"?>
<!-- Generated by org.testng.reporters.JUnitXMLReporter -->
<testsuite hostname="ch156" ignored="0" name="Free CRM App Test Cases" tests="13" failures="0" timestamp="27 квіт. 2018 16:49:24 GMT" time="215.469" errors="0">
  <testcase name="loginPageTitleTest" time="0.02" classname="com.crm.qa.testcases.LoginPageTest"/>
  <testcase name="verifyHomePageTitleTest" time="0.007" classname="com.crm.qa.testcases.HomePageTest"/>
  <testcase name="verifyContactsPageLabel" time="0.047" classname="com.crm.qa.testcases.ContactsPageTest"/>
  <testcase name="crmLogoImageTest" time="0.042" classname="com.crm.qa.testcases.LoginPageTest"/>
  <testcase name="verifyUserNameTest" time="0.053" classname="com.crm.qa.testcases.HomePageTest"/>
  <testcase name="selectSingleContactsByName" time="0.26" classname="com.crm.qa.testcases.ContactsPageTest"/>
  <testcase name="loginTest" time="5.678" classname="com.crm.qa.testcases.LoginPageTest"/>
  <testcase name="verifyContactsLinkTest" time="1.17" classname="com.crm.qa.testcases.HomePageTest"/>
  <testcase name="selectMultipleContactsByName" time="0.517" classname="com.crm.qa.testcases.ContactsPageTest"/>
  <testcase name="verifyClickOnDealsLinkTest" time="0.83" classname="com.crm.qa.testcases.HomePageTest"/>
  <testcase name="validateCreateNewContract" time="3.147" classname="com.crm.qa.testcases.ContactsPageTest"/>
  <testcase name="validateCreateNewContract" time="3.535" classname="com.crm.qa.testcases.ContactsPageTest"/>
  <testcase name="verifyClickOnTasksLinkTest" time="1.433" classname="com.crm.qa.testcases.HomePageTest"/>
</testsuite> <!-- Free CRM App Test Cases -->
