<?xml version="1.0" encoding="UTF-8" ?>
<testsuite tests="13" failures="2" name="TestSuite" time="20.675" errors="0" skipped="0">
  <properties>
[...]
</properties>
  <testcase classname="com.crm.qa.testcases.ContactsPageTest" name="verifyContactsPageLabel" time="0.903"/>
  <testcase classname="com.crm.qa.testcases.HomePageTest" name="verifyHomePageTitleTest" time="0.017"/>
  <testcase classname="com.crm.qa.testcases.LoginPageTest" name="loginPageTitleTest" time="0.064"/>
  <testcase classname="com.crm.qa.testcases.ContactsPageTest" name="selectSingleContactsByName" time="0.964"/>
  <testcase classname="com.crm.qa.testcases.HomePageTest" name="verifyUserNameTest" time="0.089"/>
  <testcase classname="com.crm.qa.testcases.LoginPageTest" name="crmLogoImageTest" time="0.083"/>
  <testcase classname="com.crm.qa.testcases.ContactsPageTest" name="selectMultipleContactsByName" time="1.272"/>
  <testcase classname="com.crm.qa.testcases.HomePageTest" name="verifyContactsLinkTest" time="0.233"/>
  <testcase classname="com.crm.qa.testcases.LoginPageTest" name="loginTest" time="13.377"/>
  <testcase classname="com.crm.qa.testcases.ContactsPageTest" name="validateCreateNewContract" time="1.911">
    <failure message="element not visible
  (Session info: chrome=66.0.3359.139)
  (Driver info: chromedriver=2.36.540470 (e522d04694c7ebea4ba8821272dbef4f9b818c91),platform=Windows NT 10.0.16299 x86_64) (WARNING: The server did not provide any stacktrace information)
Command duration or timeout: 0 milliseconds
Build info: version: &apos;3.11.0&apos;, revision: &apos;e59cfb3&apos;, time: &apos;2018-03-11T20:26:55.152Z&apos;
System info: host: &apos;CH156&apos;, ip: &apos;192.168.31.39&apos;, os.name: &apos;Windows 10&apos;, os.arch: &apos;amd64&apos;, os.version: &apos;10.0&apos;, java.version: &apos;1.8.0_171&apos;
Driver info: org.openqa.selenium.chrome.ChromeDriver
Capabilities {acceptInsecureCerts: false, acceptSslCerts: false, applicationCacheEnabled: false, browserConnectionEnabled: false, browserName: chrome, chrome: {chromedriverVersion: 2.36.540470 (e522d04694c7eb..., userDataDir: C:\Users\apavel\AppData\Loc...}, cssSelectorsEnabled: true, databaseEnabled: false, handlesAlerts: true, hasTouchScreen: false, javascriptEnabled: true, locationContextEnabled: true, mobileEmulationEnabled: false, nativeEvents: true, networkConnectionEnabled: false, pageLoadStrategy: normal, platform: XP, platformName: XP, rotatable: false, setWindowRect: true, takesHeapSnapshot: true, takesScreenshot: true, unexpectedAlertBehaviour: , unhandledPromptBehavior: , version: 66.0.3359.139, webStorageEnabled: true}
Session ID: 16754216ae87e1d8dc2d867ffd899990" type="org.openqa.selenium.ElementNotVisibleException">org.openqa.selenium.ElementNotVisibleException: element not visible
  (Session info: chrome=66.0.3359.139)
  (Driver info: chromedriver=2.36.540470 (e522d04694c7ebea4ba8821272dbef4f9b818c91),platform=Windows NT 10.0.16299 x86_64) (WARNING: The server did not provide any stacktrace information)
Command duration or timeout: 0 milliseconds
Build info: version: &apos;3.11.0&apos;, revision: &apos;e59cfb3&apos;, time: &apos;2018-03-11T20:26:55.152Z&apos;
System info: host: &apos;CH156&apos;, ip: &apos;192.168.31.39&apos;, os.name: &apos;Windows 10&apos;, os.arch: &apos;amd64&apos;, os.version: &apos;10.0&apos;, java.version: &apos;1.8.0_171&apos;
Driver info: org.openqa.selenium.chrome.ChromeDriver
Capabilities {acceptInsecureCerts: false, acceptSslCerts: false, applicationCacheEnabled: false, browserConnectionEnabled: false, browserName: chrome, chrome: {chromedriverVersion: 2.36.540470 (e522d04694c7eb..., userDataDir: C:\Users\apavel\AppData\Loc...}, cssSelectorsEnabled: true, databaseEnabled: false, handlesAlerts: true, hasTouchScreen: false, javascriptEnabled: true, locationContextEnabled: true, mobileEmulationEnabled: false, nativeEvents: true, networkConnectionEnabled: false, pageLoadStrategy: normal, platform: XP, platformName: XP, rotatable: false, setWindowRect: true, takesHeapSnapshot: true, takesScreenshot: true, unexpectedAlertBehaviour: , unhandledPromptBehavior: , version: 66.0.3359.139, webStorageEnabled: true}
Session ID: 16754216ae87e1d8dc2d867ffd899990
	at sun.reflect.NativeConstructorAccessorImpl.newInstance0(Native Method)
	at sun.reflect.NativeConstructorAccessorImpl.newInstance(NativeConstructorAccessorImpl.java:62)
	at sun.reflect.DelegatingConstructorAccessorImpl.newInstance(DelegatingConstructorAccessorImpl.java:45)
	at java.lang.reflect.Constructor.newInstance(Constructor.java:423)
	at org.openqa.selenium.remote.ErrorHandler.createThrowable(ErrorHandler.java:214)
	at org.openqa.selenium.remote.ErrorHandler.throwIfResponseFailed(ErrorHandler.java:166)
	at org.openqa.selenium.remote.http.JsonHttpResponseCodec.reconstructValue(JsonHttpResponseCodec.java:40)
	at org.openqa.selenium.remote.http.AbstractHttpResponseCodec.decode(AbstractHttpResponseCodec.java:80)
	at org.openqa.selenium.remote.http.AbstractHttpResponseCodec.decode(AbstractHttpResponseCodec.java:44)
	at org.openqa.selenium.remote.HttpCommandExecutor.execute(HttpCommandExecutor.java:158)
	at org.openqa.selenium.remote.service.DriverCommandExecutor.execute(DriverCommandExecutor.java:83)
	at org.openqa.selenium.remote.RemoteWebDriver.execute(RemoteWebDriver.java:545)
	at org.openqa.selenium.remote.RemoteWebElement.execute(RemoteWebElement.java:279)
	at org.openqa.selenium.remote.RemoteWebElement.click(RemoteWebElement.java:83)
	at sun.reflect.GeneratedMethodAccessor7.invoke(Unknown Source)
	at sun.reflect.DelegatingMethodAccessorImpl.invoke(DelegatingMethodAccessorImpl.java:43)
	at java.lang.reflect.Method.invoke(Method.java:498)
	at org.openqa.selenium.support.events.EventFiringWebDriver$EventFiringWebElement.lambda$new$0(EventFiringWebDriver.java:368)
	at com.sun.proxy.$Proxy11.click(Unknown Source)
	at org.openqa.selenium.support.events.EventFiringWebDriver$EventFiringWebElement.click(EventFiringWebDriver.java:380)
	at sun.reflect.GeneratedMethodAccessor7.invoke(Unknown Source)
	at sun.reflect.DelegatingMethodAccessorImpl.invoke(DelegatingMethodAccessorImpl.java:43)
	at java.lang.reflect.Method.invoke(Method.java:498)
	at org.openqa.selenium.support.pagefactory.internal.LocatingElementHandler.invoke(LocatingElementHandler.java:51)
	at com.sun.proxy.$Proxy10.click(Unknown Source)
	at com.crm.qa.pages.HomePage.clickOnOnNewContactLink(HomePage.java:58)
	at com.crm.qa.testcases.ContactsPageTest.validateCreateNewContract(ContactsPageTest.java:62)
</failure>
    <system-out>Before navigating to: &apos;https://www.freecrm.com/&apos;
Navigated to:&apos;https://www.freecrm.com/&apos;
Trying to find Element By : By.name: username
Found Element By : By.name: username
Trying to find Element By : By.name: password
Found Element By : By.name: password
Trying to find Element By : By.xpath: //input[@type=&apos;submit&apos;]
Found Element By : By.xpath: //input[@type=&apos;submit&apos;]
Trying to click on: [[ChromeDriver: chrome on XP (16754216ae87e1d8dc2d867ffd899990)] -&gt; xpath: //input[@type=&apos;submit&apos;]]
Clicked on: [[ChromeDriver: chrome on XP (16754216ae87e1d8dc2d867ffd899990)] -&gt; xpath: //input[@type=&apos;submit&apos;]]
Trying to find Element By : By.xpath: //a[contains(text(),&apos;Contacts&apos;)]
Found Element By : By.xpath: //a[contains(text(),&apos;Contacts&apos;)]
Trying to click on: [[ChromeDriver: chrome on XP (16754216ae87e1d8dc2d867ffd899990)] -&gt; xpath: //a[contains(text(),&apos;Contacts&apos;)]]
Clicked on: [[ChromeDriver: chrome on XP (16754216ae87e1d8dc2d867ffd899990)] -&gt; xpath: //a[contains(text(),&apos;Contacts&apos;)]]
Exception occured: org.openqa.selenium.UnsupportedCommandException: actions
Build info: version: &apos;3.11.0&apos;, revision: &apos;e59cfb3&apos;, time: &apos;2018-03-11T20:26:55.152Z&apos;
System info: host: &apos;CH156&apos;, ip: &apos;192.168.31.39&apos;, os.name: &apos;Windows 10&apos;, os.arch: &apos;amd64&apos;, os.version: &apos;10.0&apos;, java.version: &apos;1.8.0_171&apos;
Driver info: driver.version: EventFiringWebDriver
Trying to find Element By : By.xpath: //a[contains(text(),&apos;Contacts&apos;)]
Found Element By : By.xpath: //a[contains(text(),&apos;Contacts&apos;)]
Trying to find Element By : By.xpath: //a[contains(text(),&apos;New Contact&apos;)]
Found Element By : By.xpath: //a[contains(text(),&apos;New Contact&apos;)]
Trying to click on: [[ChromeDriver: chrome on XP (16754216ae87e1d8dc2d867ffd899990)] -&gt; xpath: //a[contains(text(),&apos;New Contact&apos;)]]
Exception occured: org.openqa.selenium.ElementNotVisibleException: element not visible
  (Session info: chrome=66.0.3359.139)
  (Driver info: chromedriver=2.36.540470 (e522d04694c7ebea4ba8821272dbef4f9b818c91),platform=Windows NT 10.0.16299 x86_64) (WARNING: The server did not provide any stacktrace information)
Command duration or timeout: 0 milliseconds
Build info: version: &apos;3.11.0&apos;, revision: &apos;e59cfb3&apos;, time: &apos;2018-03-11T20:26:55.152Z&apos;
System info: host: &apos;CH156&apos;, ip: &apos;192.168.31.39&apos;, os.name: &apos;Windows 10&apos;, os.arch: &apos;amd64&apos;, os.version: &apos;10.0&apos;, java.version: &apos;1.8.0_171&apos;
Driver info: org.openqa.selenium.chrome.ChromeDriver
Capabilities {acceptInsecureCerts: false, acceptSslCerts: false, applicationCacheEnabled: false, browserConnectionEnabled: false, browserName: chrome, chrome: {chromedriverVersion: 2.36.540470 (e522d04694c7eb..., userDataDir: C:\Users\apavel\AppData\Loc...}, cssSelectorsEnabled: true, databaseEnabled: false, handlesAlerts: true, hasTouchScreen: false, javascriptEnabled: true, locationContextEnabled: true, mobileEmulationEnabled: false, nativeEvents: true, networkConnectionEnabled: false, pageLoadStrategy: normal, platform: XP, platformName: XP, rotatable: false, setWindowRect: true, takesHeapSnapshot: true, takesScreenshot: true, unexpectedAlertBehaviour: , unhandledPromptBehavior: , version: 66.0.3359.139, webStorageEnabled: true}
Session ID: 16754216ae87e1d8dc2d867ffd899990
</system-out>
    <system-err>Starting ChromeDriver 2.36.540470 (e522d04694c7ebea4ba8821272dbef4f9b818c91) on port 22388
Only local connections are allowed.
квіт. 28, 2018 2:12:18 PM org.openqa.selenium.remote.ProtocolHandshake createSession
INFO: Detected dialect: OSS
</system-err>
  </testcase>
  <testcase classname="com.crm.qa.testcases.ContactsPageTest" name="validateCreateNewContract" time="1.234">
    <failure message="element not visible
  (Session info: chrome=66.0.3359.139)
  (Driver info: chromedriver=2.36.540470 (e522d04694c7ebea4ba8821272dbef4f9b818c91),platform=Windows NT 10.0.16299 x86_64) (WARNING: The server did not provide any stacktrace information)
Command duration or timeout: 0 milliseconds
Build info: version: &apos;3.11.0&apos;, revision: &apos;e59cfb3&apos;, time: &apos;2018-03-11T20:26:55.152Z&apos;
System info: host: &apos;CH156&apos;, ip: &apos;192.168.31.39&apos;, os.name: &apos;Windows 10&apos;, os.arch: &apos;amd64&apos;, os.version: &apos;10.0&apos;, java.version: &apos;1.8.0_171&apos;
Driver info: org.openqa.selenium.chrome.ChromeDriver
Capabilities {acceptInsecureCerts: false, acceptSslCerts: false, applicationCacheEnabled: false, browserConnectionEnabled: false, browserName: chrome, chrome: {chromedriverVersion: 2.36.540470 (e522d04694c7eb..., userDataDir: C:\Users\apavel\AppData\Loc...}, cssSelectorsEnabled: true, databaseEnabled: false, handlesAlerts: true, hasTouchScreen: false, javascriptEnabled: true, locationContextEnabled: true, mobileEmulationEnabled: false, nativeEvents: true, networkConnectionEnabled: false, pageLoadStrategy: normal, platform: XP, platformName: XP, rotatable: false, setWindowRect: true, takesHeapSnapshot: true, takesScreenshot: true, unexpectedAlertBehaviour: , unhandledPromptBehavior: , version: 66.0.3359.139, webStorageEnabled: true}
Session ID: 14fd2bae2da166dbc74ccb52aee52eea" type="org.openqa.selenium.ElementNotVisibleException">org.openqa.selenium.ElementNotVisibleException: element not visible
  (Session info: chrome=66.0.3359.139)
  (Driver info: chromedriver=2.36.540470 (e522d04694c7ebea4ba8821272dbef4f9b818c91),platform=Windows NT 10.0.16299 x86_64) (WARNING: The server did not provide any stacktrace information)
Command duration or timeout: 0 milliseconds
Build info: version: &apos;3.11.0&apos;, revision: &apos;e59cfb3&apos;, time: &apos;2018-03-11T20:26:55.152Z&apos;
System info: host: &apos;CH156&apos;, ip: &apos;192.168.31.39&apos;, os.name: &apos;Windows 10&apos;, os.arch: &apos;amd64&apos;, os.version: &apos;10.0&apos;, java.version: &apos;1.8.0_171&apos;
Driver info: org.openqa.selenium.chrome.ChromeDriver
Capabilities {acceptInsecureCerts: false, acceptSslCerts: false, applicationCacheEnabled: false, browserConnectionEnabled: false, browserName: chrome, chrome: {chromedriverVersion: 2.36.540470 (e522d04694c7eb..., userDataDir: C:\Users\apavel\AppData\Loc...}, cssSelectorsEnabled: true, databaseEnabled: false, handlesAlerts: true, hasTouchScreen: false, javascriptEnabled: true, locationContextEnabled: true, mobileEmulationEnabled: false, nativeEvents: true, networkConnectionEnabled: false, pageLoadStrategy: normal, platform: XP, platformName: XP, rotatable: false, setWindowRect: true, takesHeapSnapshot: true, takesScreenshot: true, unexpectedAlertBehaviour: , unhandledPromptBehavior: , version: 66.0.3359.139, webStorageEnabled: true}
Session ID: 14fd2bae2da166dbc74ccb52aee52eea
	at sun.reflect.NativeConstructorAccessorImpl.newInstance0(Native Method)
	at sun.reflect.NativeConstructorAccessorImpl.newInstance(NativeConstructorAccessorImpl.java:62)
	at sun.reflect.DelegatingConstructorAccessorImpl.newInstance(DelegatingConstructorAccessorImpl.java:45)
	at java.lang.reflect.Constructor.newInstance(Constructor.java:423)
	at org.openqa.selenium.remote.ErrorHandler.createThrowable(ErrorHandler.java:214)
	at org.openqa.selenium.remote.ErrorHandler.throwIfResponseFailed(ErrorHandler.java:166)
	at org.openqa.selenium.remote.http.JsonHttpResponseCodec.reconstructValue(JsonHttpResponseCodec.java:40)
	at org.openqa.selenium.remote.http.AbstractHttpResponseCodec.decode(AbstractHttpResponseCodec.java:80)
	at org.openqa.selenium.remote.http.AbstractHttpResponseCodec.decode(AbstractHttpResponseCodec.java:44)
	at org.openqa.selenium.remote.HttpCommandExecutor.execute(HttpCommandExecutor.java:158)
	at org.openqa.selenium.remote.service.DriverCommandExecutor.execute(DriverCommandExecutor.java:83)
	at org.openqa.selenium.remote.RemoteWebDriver.execute(RemoteWebDriver.java:545)
	at org.openqa.selenium.remote.RemoteWebElement.execute(RemoteWebElement.java:279)
	at org.openqa.selenium.remote.RemoteWebElement.click(RemoteWebElement.java:83)
	at sun.reflect.GeneratedMethodAccessor7.invoke(Unknown Source)
	at sun.reflect.DelegatingMethodAccessorImpl.invoke(DelegatingMethodAccessorImpl.java:43)
	at java.lang.reflect.Method.invoke(Method.java:498)
	at org.openqa.selenium.support.events.EventFiringWebDriver$EventFiringWebElement.lambda$new$0(EventFiringWebDriver.java:368)
	at com.sun.proxy.$Proxy11.click(Unknown Source)
	at org.openqa.selenium.support.events.EventFiringWebDriver$EventFiringWebElement.click(EventFiringWebDriver.java:380)
	at sun.reflect.GeneratedMethodAccessor7.invoke(Unknown Source)
	at sun.reflect.DelegatingMethodAccessorImpl.invoke(DelegatingMethodAccessorImpl.java:43)
	at java.lang.reflect.Method.invoke(Method.java:498)
	at org.openqa.selenium.support.pagefactory.internal.LocatingElementHandler.invoke(LocatingElementHandler.java:51)
	at com.sun.proxy.$Proxy10.click(Unknown Source)
	at com.crm.qa.pages.HomePage.clickOnOnNewContactLink(HomePage.java:58)
	at com.crm.qa.testcases.ContactsPageTest.validateCreateNewContract(ContactsPageTest.java:62)
</failure>
    <system-out>Before navigating to: &apos;https://www.freecrm.com/&apos;
Navigated to:&apos;https://www.freecrm.com/&apos;
Trying to find Element By : By.name: username
Found Element By : By.name: username
Trying to find Element By : By.name: password
Found Element By : By.name: password
Trying to find Element By : By.xpath: //input[@type=&apos;submit&apos;]
Found Element By : By.xpath: //input[@type=&apos;submit&apos;]
Trying to click on: [[ChromeDriver: chrome on XP (14fd2bae2da166dbc74ccb52aee52eea)] -&gt; xpath: //input[@type=&apos;submit&apos;]]
Clicked on: [[ChromeDriver: chrome on XP (14fd2bae2da166dbc74ccb52aee52eea)] -&gt; xpath: //input[@type=&apos;submit&apos;]]
Trying to find Element By : By.xpath: //a[contains(text(),&apos;Contacts&apos;)]
Found Element By : By.xpath: //a[contains(text(),&apos;Contacts&apos;)]
Trying to click on: [[ChromeDriver: chrome on XP (14fd2bae2da166dbc74ccb52aee52eea)] -&gt; xpath: //a[contains(text(),&apos;Contacts&apos;)]]
Clicked on: [[ChromeDriver: chrome on XP (14fd2bae2da166dbc74ccb52aee52eea)] -&gt; xpath: //a[contains(text(),&apos;Contacts&apos;)]]
Exception occured: org.openqa.selenium.UnsupportedCommandException: actions
Build info: version: &apos;3.11.0&apos;, revision: &apos;e59cfb3&apos;, time: &apos;2018-03-11T20:26:55.152Z&apos;
System info: host: &apos;CH156&apos;, ip: &apos;192.168.31.39&apos;, os.name: &apos;Windows 10&apos;, os.arch: &apos;amd64&apos;, os.version: &apos;10.0&apos;, java.version: &apos;1.8.0_171&apos;
Driver info: driver.version: EventFiringWebDriver
Trying to find Element By : By.xpath: //a[contains(text(),&apos;Contacts&apos;)]
Found Element By : By.xpath: //a[contains(text(),&apos;Contacts&apos;)]
Trying to find Element By : By.xpath: //a[contains(text(),&apos;New Contact&apos;)]
Found Element By : By.xpath: //a[contains(text(),&apos;New Contact&apos;)]
Trying to click on: [[ChromeDriver: chrome on XP (14fd2bae2da166dbc74ccb52aee52eea)] -&gt; xpath: //a[contains(text(),&apos;New Contact&apos;)]]
Exception occured: org.openqa.selenium.ElementNotVisibleException: element not visible
  (Session info: chrome=66.0.3359.139)
  (Driver info: chromedriver=2.36.540470 (e522d04694c7ebea4ba8821272dbef4f9b818c91),platform=Windows NT 10.0.16299 x86_64) (WARNING: The server did not provide any stacktrace information)
Command duration or timeout: 0 milliseconds
Build info: version: &apos;3.11.0&apos;, revision: &apos;e59cfb3&apos;, time: &apos;2018-03-11T20:26:55.152Z&apos;
System info: host: &apos;CH156&apos;, ip: &apos;192.168.31.39&apos;, os.name: &apos;Windows 10&apos;, os.arch: &apos;amd64&apos;, os.version: &apos;10.0&apos;, java.version: &apos;1.8.0_171&apos;
Driver info: org.openqa.selenium.chrome.ChromeDriver
Capabilities {acceptInsecureCerts: false, acceptSslCerts: false, applicationCacheEnabled: false, browserConnectionEnabled: false, browserName: chrome, chrome: {chromedriverVersion: 2.36.540470 (e522d04694c7eb..., userDataDir: C:\Users\apavel\AppData\Loc...}, cssSelectorsEnabled: true, databaseEnabled: false, handlesAlerts: true, hasTouchScreen: false, javascriptEnabled: true, locationContextEnabled: true, mobileEmulationEnabled: false, nativeEvents: true, networkConnectionEnabled: false, pageLoadStrategy: normal, platform: XP, platformName: XP, rotatable: false, setWindowRect: true, takesHeapSnapshot: true, takesScreenshot: true, unexpectedAlertBehaviour: , unhandledPromptBehavior: , version: 66.0.3359.139, webStorageEnabled: true}
Session ID: 14fd2bae2da166dbc74ccb52aee52eea
</system-out>
    <system-err>Starting ChromeDriver 2.36.540470 (e522d04694c7ebea4ba8821272dbef4f9b818c91) on port 42803
Only local connections are allowed.
квіт. 28, 2018 2:12:38 PM org.openqa.selenium.remote.ProtocolHandshake createSession
INFO: Detected dialect: OSS
</system-err>
  </testcase>
  <testcase classname="com.crm.qa.testcases.HomePageTest" name="verifyClickOnDealsLinkTest" time="0.236"/>
  <testcase classname="com.crm.qa.testcases.HomePageTest" name="verifyClickOnTasksLinkTest" time="0.292"/>
</testsuite>